Flow report for Processor
Wed Nov 16 17:10:30 2022
Quartus Prime Version 20.1.0 Build 711 06/05/2020 SJ Lite Edition


---------------------
; Table of Contents ;
---------------------
  1. Legal Notice
  2. Flow Summary
  3. Flow Settings
  4. Flow Non-Default Global Settings
  5. Flow Elapsed Time
  6. Flow OS Summary
  7. Flow Log
  8. Flow Messages
  9. Flow Suppressed Messages



----------------
; Legal Notice ;
----------------
Copyright (C) 2020  Intel Corporation. All rights reserved.
Your use of Intel Corporation's design tools, logic functions 
and other software and tools, and any partner logic 
functions, and any output files from any of the foregoing 
(including device programming or simulation files), and any 
associated documentation or information are expressly subject 
to the terms and conditions of the Intel Program License 
Subscription Agreement, the Intel Quartus Prime License Agreement,
the Intel FPGA IP License Agreement, or other applicable license
agreement, including, without limitation, that your use is for
the sole purpose of programming logic devices manufactured by
Intel and sold by Intel or its authorized distributors.  Please
refer to the applicable agreement for further details, at
https://fpgasoftware.intel.com/eula.



+-------------------------------------------------------------------------------+
; Flow Summary                                                                  ;
+---------------------------------+---------------------------------------------+
; Flow Status                     ; Successful - Wed Nov 16 17:10:30 2022       ;
; Quartus Prime Version           ; 20.1.0 Build 711 06/05/2020 SJ Lite Edition ;
; Revision Name                   ; Processor                                   ;
; Top-level Entity Name           ; topModel                                    ;
; Family                          ; Cyclone V                                   ;
; Device                          ; 5CSEMA5F31C6                                ;
; Timing Models                   ; Final                                       ;
; Logic utilization (in ALMs)     ; 5,967 / 32,070 ( 19 % )                     ;
; Total registers                 ; 659                                         ;
; Total pins                      ; 36 / 457 ( 8 % )                            ;
; Total virtual pins              ; 0                                           ;
; Total block memory bits         ; 131,072 / 4,065,280 ( 3 % )                 ;
; Total DSP Blocks                ; 3 / 87 ( 3 % )                              ;
; Total HSSI RX PCSs              ; 0                                           ;
; Total HSSI PMA RX Deserializers ; 0                                           ;
; Total HSSI TX PCSs              ; 0                                           ;
; Total HSSI PMA TX Serializers   ; 0                                           ;
; Total PLLs                      ; 0 / 6 ( 0 % )                               ;
; Total DLLs                      ; 0 / 4 ( 0 % )                               ;
+---------------------------------+---------------------------------------------+


+-----------------------------------------+
; Flow Settings                           ;
+-------------------+---------------------+
; Option            ; Setting             ;
+-------------------+---------------------+
; Start date & time ; 11/16/2022 16:59:48 ;
; Main task         ; Compilation         ;
; Revision Name     ; Processor           ;
+-------------------+---------------------+


+-------------------------------------------------------------------------------------------------------------------------------------------------+
; Flow Non-Default Global Settings                                                                                                                ;
+--------------------------------------+----------------------------------------+---------------+-------------+-----------------------------------+
; Assignment Name                      ; Value                                  ; Default Value ; Entity Name ; Section Id                        ;
+--------------------------------------+----------------------------------------+---------------+-------------+-----------------------------------+
; COMPILER_SIGNATURE_ID                ; 237901787548027.166863958816864        ; --            ; --          ; --                                ;
; EDA_DESIGN_INSTANCE_NAME             ; NA                                     ; --            ; --          ; processorTest                     ;
; EDA_DESIGN_INSTANCE_NAME             ; NA                                     ; --            ; --          ; testMemoryRetrieve                ;
; EDA_DESIGN_INSTANCE_NAME             ; NA                                     ; --            ; --          ; Get Memory Info                   ;
; EDA_DESIGN_INSTANCE_NAME             ; NA                                     ; --            ; --          ; customInstructionRomTest          ;
; EDA_DESIGN_INSTANCE_NAME             ; NA                                     ; --            ; --          ; registerBankTest                  ;
; EDA_DESIGN_INSTANCE_NAME             ; NA                                     ; --            ; --          ; cpu_test                          ;
; EDA_DESIGN_INSTANCE_NAME             ; NA                                     ; --            ; --          ; romTest                           ;
; EDA_DESIGN_INSTANCE_NAME             ; NA                                     ; --            ; --          ; instructionManagerTest            ;
; EDA_GENERATE_FUNCTIONAL_NETLIST      ; Off                                    ; --            ; --          ; eda_board_design_timing           ;
; EDA_GENERATE_FUNCTIONAL_NETLIST      ; Off                                    ; --            ; --          ; eda_board_design_boundary_scan    ;
; EDA_GENERATE_FUNCTIONAL_NETLIST      ; Off                                    ; --            ; --          ; eda_board_design_signal_integrity ;
; EDA_GENERATE_FUNCTIONAL_NETLIST      ; Off                                    ; --            ; --          ; eda_board_design_symbol           ;
; EDA_NATIVELINK_SIMULATION_TEST_BENCH ; cpu_test                               ; --            ; --          ; eda_simulation                    ;
; EDA_OUTPUT_DATA_FORMAT               ; Systemverilog Hdl                      ; --            ; --          ; eda_simulation                    ;
; EDA_SIMULATION_TOOL                  ; ModelSim-Altera (SystemVerilog)        ; <None>        ; --          ; --                                ;
; EDA_TEST_BENCH_ENABLE_STATUS         ; TEST_BENCH_MODE                        ; --            ; --          ; eda_simulation                    ;
; EDA_TEST_BENCH_FILE                  ; processorTest.sv                       ; --            ; --          ; processorTest                     ;
; EDA_TEST_BENCH_FILE                  ; testMemory.sv                          ; --            ; --          ; testMemoryRetrieve                ;
; EDA_TEST_BENCH_FILE                  ; memoryGetterTest.sv                    ; --            ; --          ; Get Memory Info                   ;
; EDA_TEST_BENCH_FILE                  ; Processor.mem                          ; --            ; --          ; Get Memory Info                   ;
; EDA_TEST_BENCH_FILE                  ; customInstructionRomTest.sv            ; --            ; --          ; customInstructionRomTest          ;
; EDA_TEST_BENCH_FILE                  ; Processor.mem                          ; --            ; --          ; customInstructionRomTest          ;
; EDA_TEST_BENCH_FILE                  ; registerBankTest.sv                    ; --            ; --          ; registerBankTest                  ;
; EDA_TEST_BENCH_FILE                  ; cpu_test.sv                            ; --            ; --          ; cpu_test                          ;
; EDA_TEST_BENCH_FILE                  ; Processor.mem                          ; --            ; --          ; cpu_test                          ;
; EDA_TEST_BENCH_FILE                  ; image.mem                              ; --            ; --          ; cpu_test                          ;
; EDA_TEST_BENCH_FILE                  ; romTest.sv                             ; --            ; --          ; romTest                           ;
; EDA_TEST_BENCH_FILE                  ; instructionManagerTest.sv              ; --            ; --          ; instructionManagerTest            ;
; EDA_TEST_BENCH_MODULE_NAME           ; processorTest                          ; --            ; --          ; processorTest                     ;
; EDA_TEST_BENCH_MODULE_NAME           ; testMemoryRetrieve                     ; --            ; --          ; testMemoryRetrieve                ;
; EDA_TEST_BENCH_MODULE_NAME           ; memoryGetterTest                       ; --            ; --          ; Get Memory Info                   ;
; EDA_TEST_BENCH_MODULE_NAME           ; customInstructionRomTest               ; --            ; --          ; customInstructionRomTest          ;
; EDA_TEST_BENCH_MODULE_NAME           ; registerBankTest                       ; --            ; --          ; registerBankTest                  ;
; EDA_TEST_BENCH_MODULE_NAME           ; cpu_test                               ; --            ; --          ; cpu_test                          ;
; EDA_TEST_BENCH_MODULE_NAME           ; romTest                                ; --            ; --          ; romTest                           ;
; EDA_TEST_BENCH_MODULE_NAME           ; instructionManagerTest                 ; --            ; --          ; instructionManagerTest            ;
; EDA_TEST_BENCH_NAME                  ; testMemoryRetrieve                     ; --            ; --          ; eda_simulation                    ;
; EDA_TEST_BENCH_NAME                  ; Get Memory Info                        ; --            ; --          ; eda_simulation                    ;
; EDA_TEST_BENCH_NAME                  ; romTest                                ; --            ; --          ; eda_simulation                    ;
; EDA_TEST_BENCH_NAME                  ; instructionManagerTest                 ; --            ; --          ; eda_simulation                    ;
; EDA_TEST_BENCH_NAME                  ; customInstructionRomTest               ; --            ; --          ; eda_simulation                    ;
; EDA_TEST_BENCH_NAME                  ; registerBankTest                       ; --            ; --          ; eda_simulation                    ;
; EDA_TEST_BENCH_NAME                  ; processorTest                          ; --            ; --          ; eda_simulation                    ;
; EDA_TEST_BENCH_NAME                  ; cpu_test                               ; --            ; --          ; eda_simulation                    ;
; EDA_TIME_SCALE                       ; 1 ps                                   ; --            ; --          ; eda_simulation                    ;
; MAX_CORE_JUNCTION_TEMP               ; 85                                     ; --            ; --          ; --                                ;
; MIN_CORE_JUNCTION_TEMP               ; 0                                      ; --            ; --          ; --                                ;
; MISC_FILE                            ; instructionMemory_inst.v               ; --            ; --          ; --                                ;
; MISC_FILE                            ; instructionMemory_bb.v                 ; --            ; --          ; --                                ;
; MISC_FILE                            ; ipRam_inst.v                           ; --            ; --          ; --                                ;
; MISC_FILE                            ; ipRam_bb.v                             ; --            ; --          ; --                                ;
; PARTITION_COLOR                      ; -- (Not supported for targeted family) ; --            ; topModel    ; Top                               ;
; PARTITION_FITTER_PRESERVATION_LEVEL  ; -- (Not supported for targeted family) ; --            ; topModel    ; Top                               ;
; PARTITION_NETLIST_TYPE               ; -- (Not supported for targeted family) ; --            ; topModel    ; Top                               ;
; POWER_BOARD_THERMAL_MODEL            ; None (CONSERVATIVE)                    ; --            ; --          ; --                                ;
; POWER_PRESET_COOLING_SOLUTION        ; 23 MM HEAT SINK WITH 200 LFPM AIRFLOW  ; --            ; --          ; --                                ;
; PROJECT_OUTPUT_DIRECTORY             ; output_files                           ; --            ; --          ; --                                ;
; TOP_LEVEL_ENTITY                     ; topModel                               ; Processor     ; --          ; --                                ;
+--------------------------------------+----------------------------------------+---------------+-------------+-----------------------------------+


+--------------------------------------------------------------------------------------------------------------------------+
; Flow Elapsed Time                                                                                                        ;
+----------------------+--------------+-------------------------+---------------------+------------------------------------+
; Module Name          ; Elapsed Time ; Average Processors Used ; Peak Virtual Memory ; Total CPU Time (on all processors) ;
+----------------------+--------------+-------------------------+---------------------+------------------------------------+
; Analysis & Synthesis ; 00:01:54     ; 1.0                     ; 5350 MB             ; 00:02:01                           ;
; Fitter               ; 00:05:23     ; 1.5                     ; 7402 MB             ; 00:19:12                           ;
; Assembler            ; 00:00:08     ; 1.0                     ; 4912 MB             ; 00:00:06                           ;
; Timing Analyzer      ; 00:00:25     ; 3.6                     ; 5428 MB             ; 00:01:12                           ;
; EDA Netlist Writer   ; 00:00:03     ; 1.0                     ; 4796 MB             ; 00:00:03                           ;
; Total                ; 00:07:53     ; --                      ; --                  ; 00:22:34                           ;
+----------------------+--------------+-------------------------+---------------------+------------------------------------+


+------------------------------------------------------------------------------------+
; Flow OS Summary                                                                    ;
+----------------------+------------------+------------+------------+----------------+
; Module Name          ; Machine Hostname ; OS Name    ; OS Version ; Processor type ;
+----------------------+------------------+------------+------------+----------------+
; Analysis & Synthesis ; DESKTOP-10GV6F8  ; Windows 10 ; 10.0       ; x86_64         ;
; Fitter               ; DESKTOP-10GV6F8  ; Windows 10 ; 10.0       ; x86_64         ;
; Assembler            ; DESKTOP-10GV6F8  ; Windows 10 ; 10.0       ; x86_64         ;
; Timing Analyzer      ; DESKTOP-10GV6F8  ; Windows 10 ; 10.0       ; x86_64         ;
; EDA Netlist Writer   ; DESKTOP-10GV6F8  ; Windows 10 ; 10.0       ; x86_64         ;
+----------------------+------------------+------------+------------+----------------+


------------
; Flow Log ;
------------
quartus_map --read_settings_files=on --write_settings_files=off Processor -c Processor
quartus_fit --read_settings_files=on --write_settings_files=off Processor -c Processor
quartus_asm --read_settings_files=on --write_settings_files=off Processor -c Processor
quartus_sta Processor -c Processor
quartus_eda --read_settings_files=on --write_settings_files=off Processor -c Processor



